c:\users\nguye\documents\github\mario-new\sample04\debug\vc120.pdb
c:\users\nguye\documents\github\mario-new\sample04\debug\vc120.idb
c:\users\nguye\documents\github\mario-new\sample04\debug\greenmushroom.obj
c:\users\nguye\documents\github\mario-new\sample04\debug\ironbrick.obj
c:\users\nguye\documents\github\mario-new\sample04\debug\keyboard.obj
c:\users\nguye\documents\github\mario-new\sample04\debug\koopa.obj
c:\users\nguye\documents\github\mario-new\sample04\debug\main.obj
c:\users\nguye\documents\github\mario-new\sample04\debug\mario.obj
c:\users\nguye\documents\github\mario-new\sample04\debug\gamemario.obj
c:\users\nguye\documents\github\mario-new\sample04\debug\mountain.obj
c:\users\nguye\documents\github\mario-new\sample04\debug\muchmoneybrick.obj
c:\users\nguye\documents\github\mario-new\sample04\debug\mushroom.obj
c:\users\nguye\documents\github\mario-new\sample04\debug\pipe.obj
c:\users\nguye\documents\github\mario-new\sample04\debug\quadtree.obj
c:\users\nguye\documents\github\mario-new\sample04\debug\score.obj
c:\users\nguye\documents\github\mario-new\sample04\debug\sprite.obj
c:\users\nguye\documents\github\mario-new\sample04\debug\star.obj
c:\users\nguye\documents\github\mario-new\sample04\debug\stonebrick.obj
c:\users\nguye\documents\github\mario-new\sample04\debug\timemanager.obj
c:\users\nguye\documents\github\mario-new\sample04\debug\trace.obj
c:\users\nguye\documents\github\mario-new\sample04\debug\utils.obj
c:\users\nguye\documents\github\mario-new\sample04\debug\writer.obj
c:\users\nguye\documents\github\mario-new\sample04\debug\audio.obj
c:\users\nguye\documents\github\mario-new\sample04\debug\baseobject.obj
c:\users\nguye\documents\github\mario-new\sample04\debug\brick.obj
c:\users\nguye\documents\github\mario-new\sample04\debug\brickmushroom.obj
c:\users\nguye\documents\github\mario-new\sample04\debug\brickquestion.obj
c:\users\nguye\documents\github\mario-new\sample04\debug\bullet.obj
c:\users\nguye\documents\github\mario-new\sample04\debug\camera.obj
c:\users\nguye\documents\github\mario-new\sample04\debug\castle.obj
c:\users\nguye\documents\github\mario-new\sample04\debug\cloud.obj
c:\users\nguye\documents\github\mario-new\sample04\debug\coin.obj
c:\users\nguye\documents\github\mario-new\sample04\debug\collision.obj
c:\users\nguye\documents\github\mario-new\sample04\debug\dsutil.obj
c:\users\nguye\documents\github\mario-new\sample04\debug\flag.obj
c:\users\nguye\documents\github\mario-new\sample04\debug\floorbrick.obj
c:\users\nguye\documents\github\mario-new\sample04\debug\game.obj
c:\users\nguye\documents\github\mario-new\sample04\debug\goomba.obj
c:\users\nguye\documents\github\mario-new\sample04\debug\grass.obj
c:\users\nguye\documents\github\mario-new\sample04\debug\bridge.obj
c:\users\nguye\documents\github\mario-new\debug\gamemario.ilk
c:\users\nguye\documents\github\mario-new\debug\gamemario.exe
c:\users\nguye\documents\github\mario-new\debug\gamemario.pdb
c:\users\nguye\documents\github\mario-new\sample04\debug\gamemario.tlog\cl.command.1.tlog
c:\users\nguye\documents\github\mario-new\sample04\debug\gamemario.tlog\cl.read.1.tlog
c:\users\nguye\documents\github\mario-new\sample04\debug\gamemario.tlog\cl.write.1.tlog
c:\users\nguye\documents\github\mario-new\sample04\debug\gamemario.tlog\link.command.1.tlog
c:\users\nguye\documents\github\mario-new\sample04\debug\gamemario.tlog\link.read.1.tlog
c:\users\nguye\documents\github\mario-new\sample04\debug\gamemario.tlog\link.write.1.tlog
