Build started 1/18/2016 11:00:31 PM.
     1>Project "C:\Users\nguye\Documents\GitHub\Mario-new\sample04\sample04.vcxproj" on node 2 (Build target(s)).
     1>ClCompile:
         C:\Program Files (x86)\Microsoft Visual Studio 12.0\VC\bin\CL.exe /c /ZI /nologo /W3 /WX- /Od /Oy- /D WIN32 /D _DEBUG /D _WINDOWS /Gm /EHsc /RTC1 /MDd /GS /fp:precise /Zc:wchar_t /Zc:forScope /Fo"Debug\\" /Fd"Debug\vc120.pdb" /Gd /TP /analyze- /errorReport:prompt Mario.cpp
         Mario.cpp
     1>c:\users\nguye\documents\github\mario-new\sample04\baseobject.h(12): warning C4091: 'extern ' : ignored on left of 'KeyBoard' when no variable is declared
     1>c:\users\nguye\documents\github\mario-new\sample04\baseobject.h(13): warning C4091: 'extern ' : ignored on left of 'CGameMario' when no variable is declared
     1>c:\users\nguye\documents\github\mario-new\sample04\baseobject.h(14): warning C4091: 'extern ' : ignored on left of 'CSprite' when no variable is declared
     1>c:\users\nguye\documents\github\mario-new\sample04\baseobject.h(15): warning C4091: 'extern ' : ignored on left of 'QuadTree' when no variable is declared
     1>c:\users\nguye\documents\github\mario-new\sample04\baseobject.h(16): warning C4091: 'extern ' : ignored on left of 'CGame' when no variable is declared
     1>c:\users\nguye\documents\github\mario-new\sample04\mario.cpp(117): warning C4244: 'argument' : conversion from 'int' to 'float', possible loss of data
     1>c:\users\nguye\documents\github\mario-new\sample04\mario.cpp(472): warning C4305: '-=' : truncation from 'double' to 'float'
     1>c:\users\nguye\documents\github\mario-new\sample04\mario.cpp(516): warning C4305: '-=' : truncation from 'double' to 'float'
     1>c:\users\nguye\documents\github\mario-new\sample04\mario.cpp(599): warning C4305: 'argument' : truncation from 'double' to 'float'
     1>c:\users\nguye\documents\github\mario-new\sample04\mario.cpp(599): warning C4244: 'argument' : conversion from 'float' to 'int', possible loss of data
     1>c:\users\nguye\documents\github\mario-new\sample04\mario.cpp(601): warning C4305: 'argument' : truncation from 'double' to 'float'
     1>c:\users\nguye\documents\github\mario-new\sample04\mario.cpp(601): warning C4244: 'argument' : conversion from 'float' to 'int', possible loss of data
     1>c:\users\nguye\documents\github\mario-new\sample04\mario.cpp(607): warning C4305: 'argument' : truncation from 'double' to 'float'
     1>c:\users\nguye\documents\github\mario-new\sample04\mario.cpp(607): warning C4244: 'argument' : conversion from 'float' to 'int', possible loss of data
     1>c:\users\nguye\documents\github\mario-new\sample04\mario.cpp(609): warning C4305: 'argument' : truncation from 'double' to 'float'
     1>c:\users\nguye\documents\github\mario-new\sample04\mario.cpp(609): warning C4244: 'argument' : conversion from 'float' to 'int', possible loss of data
       Link:
         C:\Program Files (x86)\Microsoft Visual Studio 12.0\VC\bin\link.exe /ERRORREPORT:PROMPT /OUT:"C:\Users\nguye\Documents\GitHub\Mario-new\Debug\GameMario.exe" /INCREMENTAL /NOLOGO d3d9.lib d3dx9.lib dinput8.lib dxguid.lib winmm.lib dsound.lib dxerr.lib kernel32.lib user32.lib gdi32.lib winspool.lib comdlg32.lib advapi32.lib shell32.lib ole32.lib oleaut32.lib uuid.lib odbc32.lib odbccp32.lib /MANIFEST /MANIFESTUAC:"level='asInvoker' uiAccess='false'" /manifest:embed /DEBUG /PDB:"C:\Users\nguye\Documents\GitHub\Mario-new\Debug\GameMario.pdb" /SUBSYSTEM:WINDOWS /TLBID:1 /DYNAMICBASE:NO /IMPLIB:"C:\Users\nguye\Documents\GitHub\Mario-new\Debug\GameMario.lib" /MACHINE:X86 /SAFESEH Debug\Audio.obj
         Debug\BaseObject.obj
         Debug\Brick.obj
         Debug\BrickQuestion.obj
         Debug\Bullet.obj
         Debug\Camera.obj
         Debug\Castle.obj
         Debug\Cloud.obj
         Debug\Coin.obj
         Debug\Collision.obj
         Debug\dsutil.obj
         Debug\Flag.obj
         Debug\FloorBrick.obj
         Debug\game.obj
         Debug\Goomba.obj
         Debug\Grass.obj
         Debug\GreenMushroom.obj
         Debug\IronBrick.obj
         Debug\KeyBoard.obj
         Debug\Koopa.obj
         Debug\main.obj
         Debug\Mario.obj
         Debug\GameMario.obj
         Debug\Mountain.obj
         Debug\MuchMoneyBrick.obj
         Debug\MushRoom.obj
         Debug\Pipe.obj
         Debug\QuadTree.obj
         Debug\Score.obj
         Debug\sprite.obj
         Debug\Star.obj
         Debug\StoneBrick.obj
         Debug\TimeManager.obj
         Debug\trace.obj
         Debug\utils.obj
         Debug\Writer.obj
         sample04.vcxproj -> C:\Users\nguye\Documents\GitHub\Mario-new\Debug\GameMario.exe
     1>Done Building Project "C:\Users\nguye\Documents\GitHub\Mario-new\sample04\sample04.vcxproj" (Build target(s)).

Build succeeded.

Time Elapsed 00:00:01.99
